{"numFailedTestSuites":1,"numFailedTests":0,"numPassedTestSuites":0,"numPassedTests":0,"numPendingTestSuites":0,"numPendingTests":0,"numRuntimeErrorTestSuites":1,"numTodoTests":0,"numTotalTestSuites":1,"numTotalTests":0,"openHandles":[],"snapshot":{"added":0,"didUpdate":false,"failure":false,"filesAdded":0,"filesRemoved":0,"filesRemovedList":[],"filesUnmatched":0,"filesUpdated":0,"matched":0,"total":0,"unchecked":0,"uncheckedKeysByFile":[],"unmatched":0,"updated":0},"startTime":1773348217802,"success":false,"testResults":[{"assertionResults":[],"coverage":{},"endTime":1773348220357,"message":"  ΓùÅ Test suite failed to run\n\n      x Unterminated template\n         ,-[C:\\Users\\imthi\\Desktop\\P2\\aio-tool-suite\\app\\dashboard\\summarizer\\page.tsx:124:1]\n     121 |                             <div className=\"flex space-x-1 lg:space-x-2 bg-black/40 p-1 rounded-lg\">\n     122 |                                 <button\n     123 |                                     onClick={() => setActiveTab('summary')}\n     124 | ,->                                 className={\\`flex items-center gap-2 px-3 lg:px-4 py-2 text-sm font-medium rounded-md transition-all \\${activeTab === 'summary' ? 'bg-zinc-800 text-white shadow-sm' : 'text-zinc-400 hover:text-zinc-200 hover:bg-zinc-800/50'}\\`}\n     125 | |                               >\n     126 | |                                   <List className=\"w-4 h-4\" />\n     127 | |                                   Summary\n     128 | |                               </button>\n     129 | |                               <button\n     130 | |                                   onClick={() => setActiveTab('mindmap')}\n     131 | |                                   className={\\`flex items-center gap-2 px-3 lg:px-4 py-2 text-sm font-medium rounded-md transition-all \\${activeTab === 'mindmap' ? 'bg-zinc-800 text-white shadow-sm' : 'text-zinc-400 hover:text-zinc-200 hover:bg-zinc-800/50'}\\`}\n     132 | |                               >\n     133 | |                                   <Network className=\"w-4 h-4\" />\n     134 | |                                   Mindmap\n     135 | |                               </button>\n     136 | |                               <button\n     137 | |                                   onClick={() => setActiveTab('transcript')}\n     138 | |                                   className={\\`flex items-center gap-2 px-3 lg:px-4 py-2 text-sm font-medium rounded-md transition-all \\${activeTab === 'transcript' ? 'bg-zinc-800 text-white shadow-sm' : 'text-zinc-400 hover:text-zinc-200 hover:bg-zinc-800/50'}\\`}\n     139 | |                               >\n     140 | |                                   <FileText className=\"w-4 h-4\" />\n     141 | |                                   Script / Outline\n     142 | |                               </button>\n     143 | |                           </div>\n     144 | |   \n     145 | |                           <button\n     146 | |                               onClick={handleSaveNote}\n     147 | |                               disabled={saving || saved}\n     148 | |                               className=\"text-sm px-5 py-2.5 bg-emerald-600/90 hover:bg-emerald-600 text-white font-medium rounded-lg flex items-center gap-2 disabled:opacity-50 transition-colors shadow-sm w-full sm:w-auto justify-center\"\n     149 | |                           >\n     150 | |                               {saving ? (\n     151 | |                                   <><Loader2 className=\"w-4 h-4 animate-spin\"/> Saving...</>\n     152 | |                               ) : saved ? (\n     153 | |                                   \"Saved to Smart Notes Γ£ô\"\n     154 | |                               ) : (\n     155 | |                                   \"Save to Smart Notes\"\n     156 | |                               )}\n     157 | |                           </button>\n     158 | |                       </div>\n     159 | |   \n     160 | |                       {/* Content Area */}\n     161 | |                       <div className=\"p-6 md:p-8 min-h-[400px]\">\n     162 | |                           {activeTab === 'summary' && (\n     163 | |                               <div className=\"prose prose-invert max-w-none prose-h2:text-2xl prose-h2:mb-4 prose-p:text-zinc-300 prose-li:text-zinc-300\">\n     164 | |                                   <ReactMarkdown remarkPlugins={[remarkGfm]}>\n     165 | |                                       {data.summary}\n     166 | |                                   </ReactMarkdown>\n     167 | |                               </div>\n     168 | |                           )}\n     169 | |   \n     170 | |                           {activeTab === 'mindmap' && (\n     171 | |                               <div className=\"flex flex-col items-center justify-center min-h-[300px]\">\n     172 | |                                   {data.mindmap ? (\n     173 | |                                       <Mermaid chart={data.mindmap} />\n     174 | |                                   ) : (\n     175 | |                                       <p className=\"text-zinc-500 italic\">No mindmap generated for this video.</p>\n     176 | |                                   )}\n     177 | |                               </div>\n     178 | |                           )}\n     179 | |   \n     180 | |                           {activeTab === 'transcript' && (\n     181 | |                               <div className=\"prose prose-invert max-w-none text-zinc-300\">\n     182 | |                                   <ReactMarkdown remarkPlugins={[remarkGfm]}>\n     183 | |                                       {data.transcript}\n     184 | |                                   </ReactMarkdown>\n     185 | |                               </div>\n     186 | |                           )}\n     187 | |                       </div>\n     188 | |                   </div>\n     189 | |               )}\n     190 | |           </div>\n     191 | |       );\n     192 | `-> }\n         `----\n      x Expected '</', got '<eof>'\n         ,-[C:\\Users\\imthi\\Desktop\\P2\\aio-tool-suite\\app\\dashboard\\summarizer\\page.tsx:192:3]\n     190 |         </div>\n     191 |     );\n     192 | }\n         `----\n\n\n    Caused by:\n        Syntax Error\n\n    \u001b[0m \u001b[90m 16 |\u001b[39m     render(\u001b[33m<\u001b[39m\u001b[33mSummarizerPage\u001b[39m \u001b[33m/\u001b[39m\u001b[33m>\u001b[39m)\u001b[33m;\u001b[39m\n     \u001b[90m 17 |\u001b[39m     expect(screen\u001b[33m.\u001b[39mgetByText(\u001b[32m'AI YouTube Summarizer'\u001b[39m))\u001b[33m.\u001b[39mtoBeInTheDocument()\u001b[33m;\u001b[39m\n    \u001b[31m\u001b[1m>\u001b[22m\u001b[39m\u001b[90m 18 |\u001b[39m     expect(screen\u001b[33m.\u001b[39mgetByPlaceholderText(\u001b[32m'https://www.youtube.com/watch?v=...'\u001b[39m))\u001b[33m.\u001b[39mtoBeInTheDocument()\u001b[33m;\u001b[39m\n     \u001b[90m    |\u001b[39m                                                      \u001b[31m\u001b[1m^\u001b[22m\u001b[39m\n     \u001b[90m 19 |\u001b[39m     expect(screen\u001b[33m.\u001b[39mgetByRole(\u001b[32m'button'\u001b[39m\u001b[33m,\u001b[39m { name\u001b[33m:\u001b[39m \u001b[35m/Summarize Video/i\u001b[39m }))\u001b[33m.\u001b[39mtoBeInTheDocument()\u001b[33m;\u001b[39m\n     \u001b[90m 20 |\u001b[39m   })\u001b[33m;\u001b[39m\n     \u001b[90m 21 |\u001b[39m })\u001b[33m;\u001b[39m\u001b[0m\n\n      at Object.transformSync (node_modules/next/src/build/swc/index.ts:1460:25)\n      at transformSync (node_modules/next/src/build/swc/index.ts:1591:19)\n      at Object.process (node_modules/next/src/build/swc/jest-transformer.ts:105:25)\n      at ScriptTransformer.transformSource (node_modules/@jest/transform/build/index.js:415:31)\n      at ScriptTransformer._transformAndBuildScript (node_modules/@jest/transform/build/index.js:512:40)\n      at ScriptTransformer.transform (node_modules/@jest/transform/build/index.js:551:19)\n      at Object.<anonymous> (__tests__/summarizer.test.tsx:18:54)\n","name":"C:\\Users\\imthi\\Desktop\\P2\\aio-tool-suite\\__tests__\\summarizer.test.tsx","startTime":1773348220357,"status":"failed","summary":""}],"wasInterrupted":false}
